Wed Mar 14 20:16:32 EDT 2018 : Apache Derby Network Server - 10.11.1.2 - (1629631) started and ready to accept connections on port 1527
----------------------------------------------------------------
Wed Mar 14 20:17:45 EDT 2018:
Booting Derby version The Apache Software Foundation - Apache Derby - 10.11.1.2 - (1629631): instance a816c00e-0162-2703-dff7-0000516de139 
on database directory C:\Users\Owner\Documents\NetBeansProjects\master\JazzY\database\db with class loader sun.misc.Launcher$AppClassLoader@1d44bcfa 
Loaded from file:/C:/Program%20Files/Java/jdk1.8.0_151/db/lib/derby.jar
java.vendor=Oracle Corporation
java.runtime.version=1.8.0_151-b12
user.dir=C:\Program Files\Java\jdk1.8.0_151\db
os.name=Windows 10
os.arch=amd64
os.version=10.0
derby.system.home=C:\Users\Owner\Documents\NetBeansProjects\master\JazzY\database
Database Class Loader started - derby.database.classpath=''
----------------------------------------------------------------
Wed Mar 14 20:18:54 EDT 2018:
Booting Derby version The Apache Software Foundation - Apache Derby - 10.11.1.2 - (1629631): instance 6839c016-0162-2703-dff7-0000516de139 
on database directory C:\Users\Owner\Documents\NetBeansProjects\master\JazzY\database\jazzydb with class loader sun.misc.Launcher$AppClassLoader@1d44bcfa 
Loaded from file:/C:/Program%20Files/Java/jdk1.8.0_151/db/lib/derby.jar
java.vendor=Oracle Corporation
java.runtime.version=1.8.0_151-b12
user.dir=C:\Program Files\Java\jdk1.8.0_151\db
os.name=Windows 10
os.arch=amd64
os.version=10.0
derby.system.home=C:\Users\Owner\Documents\NetBeansProjects\master\JazzY\database
Database Class Loader started - derby.database.classpath=''
----------------------------------------------------------------
Wed Mar 14 20:41:45 EDT 2018: Shutting down Derby engine
----------------------------------------------------------------
Wed Mar 14 20:41:45 EDT 2018:
Shutting down instance 6839c016-0162-2703-dff7-0000516de139 on database directory C:\Users\Owner\Documents\NetBeansProjects\master\JazzY\database\jazzydb with class loader sun.misc.Launcher$AppClassLoader@1d44bcfa 
